# JRE version: Java(TM) SE Runtime Environment (17.0+35) (build 17+35-LTS-2724)
# Java VM: Java HotSpot(TM) 64-Bit Server VM (17+35-LTS-2724, mixed mode, sharing, tiered, compressed oops, compressed class ptrs, g1 gc, windows-amd64)
GC Precious Log:
 CPUs: 8 total, 8 available
 Memory: 16149M
 Large Page Support: Disabled
 NUMA Support: Disabled
 Compressed Oops: Enabled (Zero based)
 Heap Region Size: 2M
 Heap Min Capacity: 8M
 Heap Initial Capacity: 254M
 Heap Max Capacity: 4038M
 Pre-touch: Disabled
 Parallel Workers: 8
 Concurrent Workers: 2
 Concurrent Refinement Workers: 8
 Periodic GC: Disabled
Heap:
 garbage-first heap   total 813056K, used 519168K [0x0000000703a00000, 0x0000000800000000)
  region size 2048K, 57 young (116736K), 11 survivors (22528K)
 Metaspace       used 18287K, committed 18496K, reserved 1073152K
  class space    used 1806K, committed 1920K, reserved 1048576K
GC Heap History (20 events):
Event: 3.846 GC heap before
{Heap before GC invocations=5 (full 0):
 garbage-first heap   total 260096K, used 162893K [0x0000000703a00000, 0x0000000800000000)
  region size 2048K, 39 young (79872K), 3 survivors (6144K)
 Metaspace       used 17440K, committed 17664K, reserved 1073152K
  class space    used 1754K, committed 1856K, reserved 1048576K
}
Event: 3.858 GC heap after
{Heap after GC invocations=6 (full 0):
 garbage-first heap   total 260096K, used 116736K [0x0000000703a00000, 0x0000000800000000)
  region size 2048K, 5 young (10240K), 5 survivors (10240K)
 Metaspace       used 17440K, committed 17664K, reserved 1073152K
  class space    used 1754K, committed 1856K, reserved 1048576K
}
Event: 3.962 GC heap before
{Heap before GC invocations=6 (full 0):
 garbage-first heap   total 260096K, used 174080K [0x0000000703a00000, 0x0000000800000000)
  region size 2048K, 33 young (67584K), 5 survivors (10240K)
 Metaspace       used 17441K, committed 17664K, reserved 1073152K
  class space    used 1754K, committed 1856K, reserved 1048576K
}
Event: 3.974 GC heap after
{Heap after GC invocations=7 (full 0):
 garbage-first heap   total 411648K, used 141890K [0x0000000703a00000, 0x0000000800000000)
  region size 2048K, 5 young (10240K), 5 survivors (10240K)
 Metaspace       used 17441K, committed 17664K, reserved 1073152K
  class space    used 1754K, committed 1856K, reserved 1048576K
}
Event: 4.332 GC heap before
{Heap before GC invocations=7 (full 0):
 garbage-first heap   total 411648K, used 279106K [0x0000000703a00000, 0x0000000800000000)
  region size 2048K, 63 young (129024K), 5 survivors (10240K)
 Metaspace       used 17563K, committed 17792K, reserved 1073152K
  class space    used 1764K, committed 1920K, reserved 1048576K
}
Event: 4.346 GC heap after
{Heap after GC invocations=8 (full 0):
 garbage-first heap   total 411648K, used 180802K [0x0000000703a00000, 0x0000000800000000)
  region size 2048K, 8 young (16384K), 8 survivors (16384K)
 Metaspace       used 17563K, committed 17792K, reserved 1073152K
  class space    used 1764K, committed 1920K, reserved 1048576K
}
Event: 4.579 GC heap before
{Heap before GC invocations=8 (full 0):
 garbage-first heap   total 411648K, used 281154K [0x0000000703a00000, 0x0000000800000000)
  region size 2048K, 57 young (116736K), 8 survivors (16384K)
 Metaspace       used 17565K, committed 17792K, reserved 1073152K
  class space    used 1765K, committed 1920K, reserved 1048576K
}
Event: 4.593 GC heap after
{Heap after GC invocations=9 (full 0):
 garbage-first heap   total 411648K, used 224674K [0x0000000703a00000, 0x0000000800000000)
  region size 2048K, 8 young (16384K), 8 survivors (16384K)
 Metaspace       used 17565K, committed 17792K, reserved 1073152K
  class space    used 1765K, committed 1920K, reserved 1048576K
}
Event: 4.716 GC heap before
{Heap before GC invocations=9 (full 0):
 garbage-first heap   total 411648K, used 298402K [0x0000000703a00000, 0x0000000800000000)
  region size 2048K, 44 young (90112K), 8 survivors (16384K)
 Metaspace       used 17568K, committed 17792K, reserved 1073152K
  class space    used 1765K, committed 1920K, reserved 1048576K
}
Event: 4.730 GC heap after
{Heap after GC invocations=10 (full 0):
 garbage-first heap   total 411648K, used 258973K [0x0000000703a00000, 0x0000000800000000)
  region size 2048K, 6 young (12288K), 6 survivors (12288K)
 Metaspace       used 17568K, committed 17792K, reserved 1073152K
  class space    used 1765K, committed 1920K, reserved 1048576K
}
Event: 4.901 GC heap before
{Heap before GC invocations=10 (full 0):
 garbage-first heap   total 481280K, used 308125K [0x0000000703a00000, 0x0000000800000000)
  region size 2048K, 32 young (65536K), 6 survivors (12288K)
 Metaspace       used 17574K, committed 17856K, reserved 1073152K
  class space    used 1765K, committed 1920K, reserved 1048576K
}
Event: 4.911 GC heap after
{Heap after GC invocations=11 (full 0):
 garbage-first heap   total 481280K, used 278220K [0x0000000703a00000, 0x0000000800000000)
  region size 2048K, 4 young (8192K), 4 survivors (8192K)
 Metaspace       used 17574K, committed 17856K, reserved 1073152K
  class space    used 1765K, committed 1920K, reserved 1048576K
}
Event: 5.115 GC heap before
{Heap before GC invocations=12 (full 0):
 garbage-first heap   total 481280K, used 358092K [0x0000000703a00000, 0x0000000800000000)
  region size 2048K, 43 young (88064K), 4 survivors (8192K)
 Metaspace       used 17623K, committed 17920K, reserved 1073152K
  class space    used 1768K, committed 1920K, reserved 1048576K
}
Event: 5.122 GC heap after
{Heap after GC invocations=13 (full 0):
 garbage-first heap   total 731136K, used 286696K [0x0000000703a00000, 0x0000000800000000)
  region size 2048K, 4 young (8192K), 4 survivors (8192K)
 Metaspace       used 17623K, committed 17920K, reserved 1073152K
  class space    used 1768K, committed 1920K, reserved 1048576K
}
Event: 5.235 GC heap before
{Heap before GC invocations=13 (full 0):
 garbage-first heap   total 731136K, used 313320K [0x0000000703a00000, 0x0000000800000000)
  region size 2048K, 17 young (34816K), 4 survivors (8192K)
 Metaspace       used 17624K, committed 17920K, reserved 1073152K
  class space    used 1768K, committed 1920K, reserved 1048576K
}
Event: 5.242 GC heap after
{Heap after GC invocations=14 (full 0):
 garbage-first heap   total 731136K, used 294912K [0x0000000703a00000, 0x0000000800000000)
  region size 2048K, 3 young (6144K), 3 survivors (6144K)
 Metaspace       used 17624K, committed 17920K, reserved 1073152K
  class space    used 1768K, committed 1920K, reserved 1048576K
}
Event: 5.701 GC heap before
{Heap before GC invocations=14 (full 0):
 garbage-first heap   total 731136K, used 491520K [0x0000000703a00000, 0x0000000800000000)
  region size 2048K, 99 young (202752K), 3 survivors (6144K)
 Metaspace       used 17624K, committed 17920K, reserved 1073152K
  class space    used 1768K, committed 1920K, reserved 1048576K
}
Event: 5.723 GC heap after
{Heap after GC invocations=15 (full 0):
 garbage-first heap   total 731136K, used 368899K [0x0000000703a00000, 0x0000000800000000)
  region size 2048K, 13 young (26624K), 13 survivors (26624K)
 Metaspace       used 17624K, committed 17920K, reserved 1073152K
  class space    used 1768K, committed 1920K, reserved 1048576K
}
Event: 6.028 GC heap before
{Heap before GC invocations=15 (full 0):
 garbage-first heap   total 731136K, used 514307K [0x0000000703a00000, 0x0000000800000000)
  region size 2048K, 84 young (172032K), 13 survivors (26624K)
 Metaspace       used 17624K, committed 17920K, reserved 1073152K
  class space    used 1768K, committed 1920K, reserved 1048576K
}
Event: 6.046 GC heap after
{Heap after GC invocations=16 (full 0):
 garbage-first heap   total 731136K, used 427008K [0x0000000703a00000, 0x0000000800000000)
  region size 2048K, 11 young (22528K), 11 survivors (22528K)
 Metaspace       used 17624K, committed 17920K, reserved 1073152K
  class space    used 1768K, committed 1920K, reserved 1048576K
}

