# JRE version: Java(TM) SE Runtime Environment (17.0+35) (build 17+35-LTS-2724)
# Java VM: Java HotSpot(TM) 64-Bit Server VM (17+35-LTS-2724, mixed mode, sharing, tiered, compressed oops, compressed class ptrs, g1 gc, windows-amd64)
GC Precious Log:
 CPUs: 8 total, 8 available
 Memory: 16149M
 Large Page Support: Disabled
 NUMA Support: Disabled
 Compressed Oops: Enabled (Zero based)
 Heap Region Size: 2M
 Heap Min Capacity: 8M
 Heap Initial Capacity: 254M
 Heap Max Capacity: 4038M
 Pre-touch: Disabled
 Parallel Workers: 8
 Concurrent Workers: 2
 Concurrent Refinement Workers: 8
 Periodic GC: Disabled
Heap:
 garbage-first heap   total 786432K, used 561044K [0x0000000703a00000, 0x0000000800000000)
  region size 2048K, 48 young (98304K), 1 survivors (2048K)
 Metaspace       used 19850K, committed 20096K, reserved 1073152K
  class space    used 1925K, committed 2048K, reserved 1048576K
GC Heap History (20 events):
Event: 4.671 GC heap before
{Heap before GC invocations=8 (full 0):
 garbage-first heap   total 395264K, used 273550K [0x0000000703a00000, 0x0000000800000000)
  region size 2048K, 53 young (108544K), 8 survivors (16384K)
 Metaspace       used 18513K, committed 18752K, reserved 1073152K
  class space    used 1883K, committed 2048K, reserved 1048576K
}
Event: 4.687 GC heap after
{Heap after GC invocations=9 (full 0):
 garbage-first heap   total 395264K, used 219752K [0x0000000703a00000, 0x0000000800000000)
  region size 2048K, 7 young (14336K), 7 survivors (14336K)
 Metaspace       used 18513K, committed 18752K, reserved 1073152K
  class space    used 1883K, committed 2048K, reserved 1048576K
}
Event: 4.815 GC heap before
{Heap before GC invocations=9 (full 0):
 garbage-first heap   total 395264K, used 289384K [0x0000000703a00000, 0x0000000800000000)
  region size 2048K, 41 young (83968K), 7 survivors (14336K)
 Metaspace       used 18521K, committed 18752K, reserved 1073152K
  class space    used 1883K, committed 2048K, reserved 1048576K
}
Event: 4.826 GC heap after
{Heap after GC invocations=10 (full 0):
 garbage-first heap   total 395264K, used 249856K [0x0000000703a00000, 0x0000000800000000)
  region size 2048K, 6 young (12288K), 6 survivors (12288K)
 Metaspace       used 18521K, committed 18752K, reserved 1073152K
  class space    used 1883K, committed 2048K, reserved 1048576K
}
Event: 4.963 GC heap before
{Heap before GC invocations=10 (full 0):
 garbage-first heap   total 475136K, used 299008K [0x0000000703a00000, 0x0000000800000000)
  region size 2048K, 32 young (65536K), 6 survivors (12288K)
 Metaspace       used 18527K, committed 18752K, reserved 1073152K
  class space    used 1883K, committed 2048K, reserved 1048576K
}
Event: 4.973 GC heap after
{Heap after GC invocations=11 (full 0):
 garbage-first heap   total 475136K, used 269831K [0x0000000703a00000, 0x0000000800000000)
  region size 2048K, 4 young (8192K), 4 survivors (8192K)
 Metaspace       used 18527K, committed 18752K, reserved 1073152K
  class space    used 1883K, committed 2048K, reserved 1048576K
}
Event: 5.161 GC heap before
{Heap before GC invocations=12 (full 0):
 garbage-first heap   total 475136K, used 349703K [0x0000000703a00000, 0x0000000800000000)
  region size 2048K, 43 young (88064K), 4 survivors (8192K)
 Metaspace       used 18576K, committed 18880K, reserved 1073152K
  class space    used 1886K, committed 2048K, reserved 1048576K
}
Event: 5.172 GC heap after
{Heap after GC invocations=13 (full 0):
 garbage-first heap   total 475136K, used 284680K [0x0000000703a00000, 0x0000000800000000)
  region size 2048K, 6 young (12288K), 6 survivors (12288K)
 Metaspace       used 18576K, committed 18880K, reserved 1073152K
  class space    used 1886K, committed 2048K, reserved 1048576K
}
Event: 5.223 GC heap before
{Heap before GC invocations=13 (full 0):
 garbage-first heap   total 475136K, used 294920K [0x0000000703a00000, 0x0000000800000000)
  region size 2048K, 11 young (22528K), 6 survivors (12288K)
 Metaspace       used 18584K, committed 18880K, reserved 1073152K
  class space    used 1886K, committed 2048K, reserved 1048576K
}
Event: 5.234 GC heap after
{Heap after GC invocations=14 (full 0):
 garbage-first heap   total 729088K, used 284988K [0x0000000703a00000, 0x0000000800000000)
  region size 2048K, 1 young (2048K), 1 survivors (2048K)
 Metaspace       used 18584K, committed 18880K, reserved 1073152K
  class space    used 1886K, committed 2048K, reserved 1048576K
}
Event: 5.841 GC heap before
{Heap before GC invocations=14 (full 0):
 garbage-first heap   total 729088K, used 485692K [0x0000000703a00000, 0x0000000800000000)
  region size 2048K, 99 young (202752K), 1 survivors (2048K)
 Metaspace       used 18585K, committed 18880K, reserved 1073152K
  class space    used 1886K, committed 2048K, reserved 1048576K
}
Event: 5.858 GC heap after
{Heap after GC invocations=15 (full 0):
 garbage-first heap   total 729088K, used 358044K [0x0000000703a00000, 0x0000000800000000)
  region size 2048K, 13 young (26624K), 13 survivors (26624K)
 Metaspace       used 18585K, committed 18880K, reserved 1073152K
  class space    used 1886K, committed 2048K, reserved 1048576K
}
Event: 6.218 GC heap before
{Heap before GC invocations=15 (full 0):
 garbage-first heap   total 729088K, used 509596K [0x0000000703a00000, 0x0000000800000000)
  region size 2048K, 87 young (178176K), 13 survivors (26624K)
 Metaspace       used 18585K, committed 18880K, reserved 1073152K
  class space    used 1886K, committed 2048K, reserved 1048576K
}
Event: 6.236 GC heap after
{Heap after GC invocations=16 (full 0):
 garbage-first heap   total 729088K, used 417652K [0x0000000703a00000, 0x0000000800000000)
  region size 2048K, 11 young (22528K), 11 survivors (22528K)
 Metaspace       used 18585K, committed 18880K, reserved 1073152K
  class space    used 1886K, committed 2048K, reserved 1048576K
}
Event: 12.601 GC heap before
{Heap before GC invocations=17 (full 0):
 garbage-first heap   total 782336K, used 540532K [0x0000000703a00000, 0x0000000800000000)
  region size 2048K, 71 young (145408K), 11 survivors (22528K)
 Metaspace       used 19697K, committed 19904K, reserved 1073152K
  class space    used 1924K, committed 2048K, reserved 1048576K
}
Event: 12.626 GC heap after
{Heap after GC invocations=18 (full 0):
 garbage-first heap   total 782336K, used 466944K [0x0000000703a00000, 0x0000000800000000)
  region size 2048K, 9 young (18432K), 9 survivors (18432K)
 Metaspace       used 19697K, committed 19904K, reserved 1073152K
  class space    used 1924K, committed 2048K, reserved 1048576K
}
Event: 30.099 GC heap before
{Heap before GC invocations=18 (full 0):
 garbage-first heap   total 782336K, used 487424K [0x0000000703a00000, 0x0000000800000000)
  region size 2048K, 19 young (38912K), 9 survivors (18432K)
 Metaspace       used 19833K, committed 20032K, reserved 1073152K
  class space    used 1924K, committed 2048K, reserved 1048576K
}
Event: 30.112 GC heap after
{Heap after GC invocations=19 (full 0):
 garbage-first heap   total 782336K, used 468425K [0x0000000703a00000, 0x0000000800000000)
  region size 2048K, 2 young (4096K), 2 survivors (4096K)
 Metaspace       used 19833K, committed 20032K, reserved 1073152K
  class space    used 1924K, committed 2048K, reserved 1048576K
}
Event: 140.643 GC heap before
{Heap before GC invocations=19 (full 0):
 garbage-first heap   total 782336K, used 593353K [0x0000000703a00000, 0x0000000800000000)
  region size 2048K, 63 young (129024K), 2 survivors (4096K)
 Metaspace       used 19837K, committed 20032K, reserved 1073152K
  class space    used 1925K, committed 2048K, reserved 1048576K
}
Event: 140.645 GC heap after
{Heap after GC invocations=20 (full 0):
 garbage-first heap   total 782336K, used 466836K [0x0000000703a00000, 0x0000000800000000)
  region size 2048K, 1 young (2048K), 1 survivors (2048K)
 Metaspace       used 19837K, committed 20032K, reserved 1073152K
  class space    used 1925K, committed 2048K, reserved 1048576K
}

