# JRE version: Java(TM) SE Runtime Environment (17.0+35) (build 17+35-LTS-2724)
# Java VM: Java HotSpot(TM) 64-Bit Server VM (17+35-LTS-2724, mixed mode, sharing, tiered, compressed oops, compressed class ptrs, g1 gc, windows-amd64)
GC Precious Log:
 CPUs: 8 total, 8 available
 Memory: 16149M
 Large Page Support: Disabled
 NUMA Support: Disabled
 Compressed Oops: Enabled (Zero based)
 Heap Region Size: 2M
 Heap Min Capacity: 8M
 Heap Initial Capacity: 254M
 Heap Max Capacity: 4038M
 Pre-touch: Disabled
 Parallel Workers: 8
 Concurrent Workers: 2
 Concurrent Refinement Workers: 8
 Periodic GC: Disabled
Heap:
 garbage-first heap   total 776192K, used 495072K [0x0000000703a00000, 0x0000000800000000)
  region size 2048K, 22 young (45056K), 5 survivors (10240K)
 Metaspace       used 19032K, committed 19264K, reserved 1073152K
  class space    used 1809K, committed 1920K, reserved 1048576K
GC Heap History (20 events):
Event: 4.708 GC heap before
{Heap before GC invocations=8 (full 0):
 garbage-first heap   total 385024K, used 267985K [0x0000000703a00000, 0x0000000800000000)
  region size 2048K, 50 young (102400K), 7 survivors (14336K)
 Metaspace       used 17675K, committed 17920K, reserved 1073152K
  class space    used 1764K, committed 1920K, reserved 1048576K
}
Event: 4.722 GC heap after
{Heap after GC invocations=9 (full 0):
 garbage-first heap   total 385024K, used 217088K [0x0000000703a00000, 0x0000000800000000)
  region size 2048K, 7 young (14336K), 7 survivors (14336K)
 Metaspace       used 17675K, committed 17920K, reserved 1073152K
  class space    used 1764K, committed 1920K, reserved 1048576K
}
Event: 4.856 GC heap before
{Heap before GC invocations=9 (full 0):
 garbage-first heap   total 385024K, used 282624K [0x0000000703a00000, 0x0000000800000000)
  region size 2048K, 39 young (79872K), 7 survivors (14336K)
 Metaspace       used 17678K, committed 17920K, reserved 1073152K
  class space    used 1764K, committed 1920K, reserved 1048576K
}
Event: 4.866 GC heap after
{Heap after GC invocations=10 (full 0):
 garbage-first heap   total 385024K, used 244525K [0x0000000703a00000, 0x0000000800000000)
  region size 2048K, 5 young (10240K), 5 survivors (10240K)
 Metaspace       used 17678K, committed 17920K, reserved 1073152K
  class space    used 1764K, committed 1920K, reserved 1048576K
}
Event: 4.996 GC heap before
{Heap before GC invocations=10 (full 0):
 garbage-first heap   total 485376K, used 289581K [0x0000000703a00000, 0x0000000800000000)
  region size 2048K, 30 young (61440K), 5 survivors (10240K)
 Metaspace       used 17683K, committed 17920K, reserved 1073152K
  class space    used 1764K, committed 1920K, reserved 1048576K
}
Event: 5.005 GC heap after
{Heap after GC invocations=11 (full 0):
 garbage-first heap   total 485376K, used 264192K [0x0000000703a00000, 0x0000000800000000)
  region size 2048K, 4 young (8192K), 4 survivors (8192K)
 Metaspace       used 17683K, committed 17920K, reserved 1073152K
  class space    used 1764K, committed 1920K, reserved 1048576K
}
Event: 5.273 GC heap before
{Heap before GC invocations=12 (full 0):
 garbage-first heap   total 485376K, used 352256K [0x0000000703a00000, 0x0000000800000000)
  region size 2048K, 47 young (96256K), 4 survivors (8192K)
 Metaspace       used 17727K, committed 17984K, reserved 1073152K
  class space    used 1767K, committed 1920K, reserved 1048576K
}
Event: 5.282 GC heap after
{Heap after GC invocations=13 (full 0):
 garbage-first heap   total 485376K, used 280576K [0x0000000703a00000, 0x0000000800000000)
  region size 2048K, 6 young (12288K), 6 survivors (12288K)
 Metaspace       used 17727K, committed 17984K, reserved 1073152K
  class space    used 1767K, committed 1920K, reserved 1048576K
}
Event: 5.301 GC heap before
{Heap before GC invocations=13 (full 0):
 garbage-first heap   total 485376K, used 290816K [0x0000000703a00000, 0x0000000800000000)
  region size 2048K, 11 young (22528K), 6 survivors (12288K)
 Metaspace       used 17727K, committed 17984K, reserved 1073152K
  class space    used 1767K, committed 1920K, reserved 1048576K
}
Event: 5.307 GC heap after
{Heap after GC invocations=14 (full 0):
 garbage-first heap   total 696320K, used 282006K [0x0000000703a00000, 0x0000000800000000)
  region size 2048K, 1 young (2048K), 1 survivors (2048K)
 Metaspace       used 17727K, committed 17984K, reserved 1073152K
  class space    used 1767K, committed 1920K, reserved 1048576K
}
Event: 5.926 GC heap before
{Heap before GC invocations=14 (full 0):
 garbage-first heap   total 696320K, used 466326K [0x0000000703a00000, 0x0000000800000000)
  region size 2048K, 91 young (186368K), 1 survivors (2048K)
 Metaspace       used 17735K, committed 18048K, reserved 1073152K
  class space    used 1767K, committed 1920K, reserved 1048576K
}
Event: 5.942 GC heap after
{Heap after GC invocations=15 (full 0):
 garbage-first heap   total 696320K, used 348160K [0x0000000703a00000, 0x0000000800000000)
  region size 2048K, 12 young (24576K), 12 survivors (24576K)
 Metaspace       used 17735K, committed 18048K, reserved 1073152K
  class space    used 1767K, committed 1920K, reserved 1048576K
}
Event: 6.333 GC heap before
{Heap before GC invocations=15 (full 0):
 garbage-first heap   total 696320K, used 491520K [0x0000000703a00000, 0x0000000800000000)
  region size 2048K, 82 young (167936K), 12 survivors (24576K)
 Metaspace       used 17735K, committed 18048K, reserved 1073152K
  class space    used 1767K, committed 1920K, reserved 1048576K
}
Event: 6.350 GC heap after
{Heap after GC invocations=16 (full 0):
 garbage-first heap   total 696320K, used 403456K [0x0000000703a00000, 0x0000000800000000)
  region size 2048K, 11 young (22528K), 11 survivors (22528K)
 Metaspace       used 17735K, committed 18048K, reserved 1073152K
  class space    used 1767K, committed 1920K, reserved 1048576K
}
Event: 6.752 GC heap before
{Heap before GC invocations=17 (full 0):
 garbage-first heap   total 772096K, used 522240K [0x0000000703a00000, 0x0000000800000000)
  region size 2048K, 69 young (141312K), 11 survivors (22528K)
 Metaspace       used 17735K, committed 18048K, reserved 1073152K
  class space    used 1767K, committed 1920K, reserved 1048576K
}
Event: 6.766 GC heap after
{Heap after GC invocations=18 (full 0):
 garbage-first heap   total 772096K, used 451584K [0x0000000703a00000, 0x0000000800000000)
  region size 2048K, 9 young (18432K), 9 survivors (18432K)
 Metaspace       used 17735K, committed 18048K, reserved 1073152K
  class space    used 1767K, committed 1920K, reserved 1048576K
}
Event: 7.004 GC heap before
{Heap before GC invocations=18 (full 0):
 garbage-first heap   total 772096K, used 470016K [0x0000000703a00000, 0x0000000800000000)
  region size 2048K, 18 young (36864K), 9 survivors (18432K)
 Metaspace       used 17850K, committed 18112K, reserved 1073152K
  class space    used 1774K, committed 1920K, reserved 1048576K
}
Event: 7.016 GC heap after
{Heap after GC invocations=19 (full 0):
 garbage-first heap   total 772096K, used 458752K [0x0000000703a00000, 0x0000000800000000)
  region size 2048K, 3 young (6144K), 3 survivors (6144K)
 Metaspace       used 17850K, committed 18112K, reserved 1073152K
  class space    used 1774K, committed 1920K, reserved 1048576K
}
Event: 108.158 GC heap before
{Heap before GC invocations=19 (full 0):
 garbage-first heap   total 772096K, used 581632K [0x0000000703a00000, 0x0000000800000000)
  region size 2048K, 63 young (129024K), 3 survivors (6144K)
 Metaspace       used 19003K, committed 19200K, reserved 1073152K
  class space    used 1806K, committed 1920K, reserved 1048576K
}
Event: 108.173 GC heap after
{Heap after GC invocations=20 (full 0):
 garbage-first heap   total 772096K, used 462304K [0x0000000703a00000, 0x0000000800000000)
  region size 2048K, 5 young (10240K), 5 survivors (10240K)
 Metaspace       used 19003K, committed 19200K, reserved 1073152K
  class space    used 1806K, committed 1920K, reserved 1048576K
}

