# JRE version: Java(TM) SE Runtime Environment (16.0.2+7) (build 16.0.2+7-67)
# Java VM: Java HotSpot(TM) 64-Bit Server VM (16.0.2+7-67, mixed mode, sharing, tiered, compressed oops, compressed class ptrs, g1 gc, windows-amd64)
GC Precious Log:
 CPUs: 16 total, 16 available
 Memory: 15720M
 Large Page Support: Disabled
 NUMA Support: Disabled
 Compressed Oops: Enabled (Zero based)
 Heap Region Size: 2M
 Heap Min Capacity: 8M
 Heap Initial Capacity: 246M
 Heap Max Capacity: 3932M
 Pre-touch: Disabled
 Parallel Workers: 13
 Concurrent Workers: 3
 Concurrent Refinement Workers: 13
 Periodic GC: Disabled
Heap:
 garbage-first heap   total 856064K, used 528384K [0x000000070a400000, 0x0000000800000000)
  region size 2048K, 128 young (262144K), 6 survivors (12288K)
 Metaspace       used 20803K, committed 21056K, reserved 1073152K
  class space    used 1972K, committed 2112K, reserved 1048576K
GC Heap History (20 events):
Event: 3.980 GC heap before
{Heap before GC invocations=3 (full 0):
 garbage-first heap   total 251904K, used 182514K [0x000000070a400000, 0x0000000800000000)
  region size 2048K, 71 young (145408K), 10 survivors (20480K)
 Metaspace       used 19064K, committed 19264K, reserved 1073152K
  class space    used 1899K, committed 1984K, reserved 1048576K
}
Event: 4.008 GC heap after
{Heap after GC invocations=4 (full 0):
 garbage-first heap   total 251904K, used 60265K [0x000000070a400000, 0x0000000800000000)
  region size 2048K, 9 young (18432K), 9 survivors (18432K)
 Metaspace       used 19064K, committed 19264K, reserved 1073152K
  class space    used 1899K, committed 1984K, reserved 1048576K
}
Event: 4.204 GC heap before
{Heap before GC invocations=4 (full 0):
 garbage-first heap   total 251904K, used 146281K [0x000000070a400000, 0x0000000800000000)
  region size 2048K, 47 young (96256K), 9 survivors (18432K)
 Metaspace       used 19069K, committed 19264K, reserved 1073152K
  class space    used 1899K, committed 1984K, reserved 1048576K
}
Event: 4.225 GC heap after
{Heap after GC invocations=5 (full 0):
 garbage-first heap   total 251904K, used 100352K [0x000000070a400000, 0x0000000800000000)
  region size 2048K, 6 young (12288K), 6 survivors (12288K)
 Metaspace       used 19069K, committed 19264K, reserved 1073152K
  class space    used 1899K, committed 1984K, reserved 1048576K
}
Event: 4.403 GC heap before
{Heap before GC invocations=5 (full 0):
 garbage-first heap   total 251904K, used 167936K [0x000000070a400000, 0x0000000800000000)
  region size 2048K, 39 young (79872K), 6 survivors (12288K)
 Metaspace       used 19138K, committed 19328K, reserved 1073152K
  class space    used 1899K, committed 1984K, reserved 1048576K
}
Event: 4.417 GC heap after
{Heap after GC invocations=6 (full 0):
 garbage-first heap   total 251904K, used 115535K [0x000000070a400000, 0x0000000800000000)
  region size 2048K, 5 young (10240K), 5 survivors (10240K)
 Metaspace       used 19138K, committed 19328K, reserved 1073152K
  class space    used 1899K, committed 1984K, reserved 1048576K
}
Event: 4.520 GC heap before
{Heap before GC invocations=6 (full 0):
 garbage-first heap   total 251904K, used 174927K [0x000000070a400000, 0x0000000800000000)
  region size 2048K, 34 young (69632K), 5 survivors (10240K)
 Metaspace       used 19152K, committed 19328K, reserved 1073152K
  class space    used 1900K, committed 1984K, reserved 1048576K
}
Event: 4.537 GC heap after
{Heap after GC invocations=7 (full 0):
 garbage-first heap   total 405504K, used 141312K [0x000000070a400000, 0x0000000800000000)
  region size 2048K, 5 young (10240K), 5 survivors (10240K)
 Metaspace       used 19152K, committed 19328K, reserved 1073152K
  class space    used 1900K, committed 1984K, reserved 1048576K
}
Event: 4.748 GC heap before
{Heap before GC invocations=7 (full 0):
 garbage-first heap   total 405504K, used 264192K [0x000000070a400000, 0x0000000800000000)
  region size 2048K, 65 young (133120K), 5 survivors (10240K)
 Metaspace       used 19154K, committed 19328K, reserved 1073152K
  class space    used 1900K, committed 1984K, reserved 1048576K
}
Event: 4.769 GC heap after
{Heap after GC invocations=8 (full 0):
 garbage-first heap   total 405504K, used 191533K [0x000000070a400000, 0x0000000800000000)
  region size 2048K, 9 young (18432K), 9 survivors (18432K)
 Metaspace       used 19154K, committed 19328K, reserved 1073152K
  class space    used 1900K, committed 1984K, reserved 1048576K
}
Event: 4.799 GC heap before
{Heap before GC invocations=8 (full 0):
 garbage-first heap   total 405504K, used 205869K [0x000000070a400000, 0x0000000800000000)
  region size 2048K, 17 young (34816K), 9 survivors (18432K)
 Metaspace       used 19176K, committed 19328K, reserved 1073152K
  class space    used 1902K, committed 1984K, reserved 1048576K
}
Event: 4.805 GC heap after
{Heap after GC invocations=9 (full 0):
 garbage-first heap   total 405504K, used 202164K [0x000000070a400000, 0x0000000800000000)
  region size 2048K, 4 young (8192K), 4 survivors (8192K)
 Metaspace       used 19176K, committed 19328K, reserved 1073152K
  class space    used 1902K, committed 1984K, reserved 1048576K
}
Event: 5.040 GC heap before
{Heap before GC invocations=10 (full 0):
 garbage-first heap   total 405504K, used 304564K [0x000000070a400000, 0x0000000800000000)
  region size 2048K, 45 young (92160K), 4 survivors (8192K)
 Metaspace       used 19178K, committed 19328K, reserved 1073152K
  class space    used 1902K, committed 1984K, reserved 1048576K
}
Event: 5.044 GC heap after
{Heap after GC invocations=11 (full 0):
 garbage-first heap   total 405504K, used 202943K [0x000000070a400000, 0x0000000800000000)
  region size 2048K, 5 young (10240K), 5 survivors (10240K)
 Metaspace       used 19178K, committed 19328K, reserved 1073152K
  class space    used 1902K, committed 1984K, reserved 1048576K
}
Event: 5.213 GC heap before
{Heap before GC invocations=11 (full 0):
 garbage-first heap   total 405504K, used 293055K [0x000000070a400000, 0x0000000800000000)
  region size 2048K, 49 young (100352K), 5 survivors (10240K)
 Metaspace       used 19183K, committed 19328K, reserved 1073152K
  class space    used 1902K, committed 1984K, reserved 1048576K
}
Event: 5.222 GC heap after
{Heap after GC invocations=12 (full 0):
 garbage-first heap   total 405504K, used 218992K [0x000000070a400000, 0x0000000800000000)
  region size 2048K, 7 young (14336K), 7 survivors (14336K)
 Metaspace       used 19183K, committed 19328K, reserved 1073152K
  class space    used 1902K, committed 1984K, reserved 1048576K
}
Event: 5.388 GC heap before
{Heap before GC invocations=13 (full 0):
 garbage-first heap   total 428032K, used 302960K [0x000000070a400000, 0x0000000800000000)
  region size 2048K, 48 young (98304K), 7 survivors (14336K)
 Metaspace       used 19183K, committed 19328K, reserved 1073152K
  class space    used 1902K, committed 1984K, reserved 1048576K
}
Event: 5.403 GC heap after
{Heap after GC invocations=14 (full 0):
 garbage-first heap   total 428032K, used 250711K [0x000000070a400000, 0x0000000800000000)
  region size 2048K, 6 young (12288K), 6 survivors (12288K)
 Metaspace       used 19183K, committed 19328K, reserved 1073152K
  class space    used 1902K, committed 1984K, reserved 1048576K
}
Event: 5.519 GC heap before
{Heap before GC invocations=14 (full 0):
 garbage-first heap   total 428032K, used 324439K [0x000000070a400000, 0x0000000800000000)
  region size 2048K, 42 young (86016K), 6 survivors (12288K)
 Metaspace       used 19183K, committed 19328K, reserved 1073152K
  class space    used 1902K, committed 1984K, reserved 1048576K
}
Event: 5.533 GC heap after
{Heap after GC invocations=15 (full 0):
 garbage-first heap   total 856064K, used 280576K [0x000000070a400000, 0x0000000800000000)
  region size 2048K, 6 young (12288K), 6 survivors (12288K)
 Metaspace       used 19183K, committed 19328K, reserved 1073152K
  class space    used 1902K, committed 1984K, reserved 1048576K
}

