# JRE version: Java(TM) SE Runtime Environment (16.0.2+7) (build 16.0.2+7-67)
# Java VM: Java HotSpot(TM) 64-Bit Server VM (16.0.2+7-67, mixed mode, sharing, tiered, compressed oops, compressed class ptrs, g1 gc, windows-amd64)
GC Precious Log:
 CPUs: 16 total, 16 available
 Memory: 15720M
 Large Page Support: Disabled
 NUMA Support: Disabled
 Compressed Oops: Enabled (Zero based)
 Heap Region Size: 2M
 Heap Min Capacity: 8M
 Heap Initial Capacity: 246M
 Heap Max Capacity: 3932M
 Pre-touch: Disabled
 Parallel Workers: 13
 Concurrent Workers: 3
 Concurrent Refinement Workers: 13
 Periodic GC: Disabled
Heap:
 garbage-first heap   total 905216K, used 536448K [0x000000070a400000, 0x0000000800000000)
  region size 2048K, 126 young (258048K), 6 survivors (12288K)
 Metaspace       used 20914K, committed 21184K, reserved 1073152K
  class space    used 1974K, committed 2112K, reserved 1048576K
GC Heap History (20 events):
Event: 3.855 GC heap before
{Heap before GC invocations=3 (full 0):
 garbage-first heap   total 251904K, used 182629K [0x000000070a400000, 0x0000000800000000)
  region size 2048K, 71 young (145408K), 9 survivors (18432K)
 Metaspace       used 19078K, committed 19264K, reserved 1073152K
  class space    used 1901K, committed 1984K, reserved 1048576K
}
Event: 3.882 GC heap after
{Heap after GC invocations=4 (full 0):
 garbage-first heap   total 251904K, used 58762K [0x000000070a400000, 0x0000000800000000)
  region size 2048K, 9 young (18432K), 9 survivors (18432K)
 Metaspace       used 19078K, committed 19264K, reserved 1073152K
  class space    used 1901K, committed 1984K, reserved 1048576K
}
Event: 4.051 GC heap before
{Heap before GC invocations=4 (full 0):
 garbage-first heap   total 251904K, used 136586K [0x000000070a400000, 0x0000000800000000)
  region size 2048K, 47 young (96256K), 9 survivors (18432K)
 Metaspace       used 19078K, committed 19264K, reserved 1073152K
  class space    used 1901K, committed 1984K, reserved 1048576K
}
Event: 4.073 GC heap after
{Heap after GC invocations=5 (full 0):
 garbage-first heap   total 251904K, used 91438K [0x000000070a400000, 0x0000000800000000)
  region size 2048K, 6 young (12288K), 6 survivors (12288K)
 Metaspace       used 19078K, committed 19264K, reserved 1073152K
  class space    used 1901K, committed 1984K, reserved 1048576K
}
Event: 4.262 GC heap before
{Heap before GC invocations=5 (full 0):
 garbage-first heap   total 251904K, used 171310K [0x000000070a400000, 0x0000000800000000)
  region size 2048K, 41 young (83968K), 6 survivors (12288K)
 Metaspace       used 19149K, committed 19328K, reserved 1073152K
  class space    used 1901K, committed 1984K, reserved 1048576K
}
Event: 4.273 GC heap after
{Heap after GC invocations=6 (full 0):
 garbage-first heap   total 251904K, used 115529K [0x000000070a400000, 0x0000000800000000)
  region size 2048K, 6 young (12288K), 6 survivors (12288K)
 Metaspace       used 19149K, committed 19328K, reserved 1073152K
  class space    used 1901K, committed 1984K, reserved 1048576K
}
Event: 4.353 GC heap before
{Heap before GC invocations=6 (full 0):
 garbage-first heap   total 251904K, used 174921K [0x000000070a400000, 0x0000000800000000)
  region size 2048K, 35 young (71680K), 6 survivors (12288K)
 Metaspace       used 19164K, committed 19392K, reserved 1073152K
  class space    used 1901K, committed 1984K, reserved 1048576K
}
Event: 4.367 GC heap after
{Heap after GC invocations=7 (full 0):
 garbage-first heap   total 413696K, used 140462K [0x000000070a400000, 0x0000000800000000)
  region size 2048K, 5 young (10240K), 5 survivors (10240K)
 Metaspace       used 19164K, committed 19392K, reserved 1073152K
  class space    used 1901K, committed 1984K, reserved 1048576K
}
Event: 4.567 GC heap before
{Heap before GC invocations=7 (full 0):
 garbage-first heap   total 413696K, used 265390K [0x000000070a400000, 0x0000000800000000)
  region size 2048K, 66 young (135168K), 5 survivors (10240K)
 Metaspace       used 19164K, committed 19392K, reserved 1073152K
  class space    used 1901K, committed 1984K, reserved 1048576K
}
Event: 4.586 GC heap after
{Heap after GC invocations=8 (full 0):
 garbage-first heap   total 413696K, used 190048K [0x000000070a400000, 0x0000000800000000)
  region size 2048K, 9 young (18432K), 9 survivors (18432K)
 Metaspace       used 19164K, committed 19392K, reserved 1073152K
  class space    used 1901K, committed 1984K, reserved 1048576K
}
Event: 4.624 GC heap before
{Heap before GC invocations=8 (full 0):
 garbage-first heap   total 413696K, used 212576K [0x000000070a400000, 0x0000000800000000)
  region size 2048K, 21 young (43008K), 9 survivors (18432K)
 Metaspace       used 19188K, committed 19392K, reserved 1073152K
  class space    used 1903K, committed 1984K, reserved 1048576K
}
Event: 4.632 GC heap after
{Heap after GC invocations=9 (full 0):
 garbage-first heap   total 413696K, used 203543K [0x000000070a400000, 0x0000000800000000)
  region size 2048K, 5 young (10240K), 5 survivors (10240K)
 Metaspace       used 19188K, committed 19392K, reserved 1073152K
  class space    used 1903K, committed 1984K, reserved 1048576K
}
Event: 4.871 GC heap before
{Heap before GC invocations=10 (full 0):
 garbage-first heap   total 413696K, used 307991K [0x000000070a400000, 0x0000000800000000)
  region size 2048K, 47 young (96256K), 5 survivors (10240K)
 Metaspace       used 19190K, committed 19392K, reserved 1073152K
  class space    used 1903K, committed 1984K, reserved 1048576K
}
Event: 4.875 GC heap after
{Heap after GC invocations=11 (full 0):
 garbage-first heap   total 413696K, used 206281K [0x000000070a400000, 0x0000000800000000)
  region size 2048K, 2 young (4096K), 2 survivors (4096K)
 Metaspace       used 19190K, committed 19392K, reserved 1073152K
  class space    used 1903K, committed 1984K, reserved 1048576K
}
Event: 5.071 GC heap before
{Heap before GC invocations=11 (full 0):
 garbage-first heap   total 413696K, used 298441K [0x000000070a400000, 0x0000000800000000)
  region size 2048K, 47 young (96256K), 2 survivors (4096K)
 Metaspace       used 19196K, committed 19392K, reserved 1073152K
  class space    used 1903K, committed 1984K, reserved 1048576K
}
Event: 5.082 GC heap after
{Heap after GC invocations=12 (full 0):
 garbage-first heap   total 413696K, used 233741K [0x000000070a400000, 0x0000000800000000)
  region size 2048K, 6 young (12288K), 6 survivors (12288K)
 Metaspace       used 19196K, committed 19392K, reserved 1073152K
  class space    used 1903K, committed 1984K, reserved 1048576K
}
Event: 5.237 GC heap before
{Heap before GC invocations=13 (full 0):
 garbage-first heap   total 450560K, used 307469K [0x000000070a400000, 0x0000000800000000)
  region size 2048K, 42 young (86016K), 6 survivors (12288K)
 Metaspace       used 19196K, committed 19392K, reserved 1073152K
  class space    used 1903K, committed 1984K, reserved 1048576K
}
Event: 5.249 GC heap after
{Heap after GC invocations=14 (full 0):
 garbage-first heap   total 450560K, used 262765K [0x000000070a400000, 0x0000000800000000)
  region size 2048K, 6 young (12288K), 6 survivors (12288K)
 Metaspace       used 19196K, committed 19392K, reserved 1073152K
  class space    used 1903K, committed 1984K, reserved 1048576K
}
Event: 5.371 GC heap before
{Heap before GC invocations=14 (full 0):
 garbage-first heap   total 450560K, used 338541K [0x000000070a400000, 0x0000000800000000)
  region size 2048K, 43 young (88064K), 6 survivors (12288K)
 Metaspace       used 19196K, committed 19392K, reserved 1073152K
  class space    used 1903K, committed 1984K, reserved 1048576K
}
Event: 5.384 GC heap after
{Heap after GC invocations=15 (full 0):
 garbage-first heap   total 905216K, used 292736K [0x000000070a400000, 0x0000000800000000)
  region size 2048K, 6 young (12288K), 6 survivors (12288K)
 Metaspace       used 19196K, committed 19392K, reserved 1073152K
  class space    used 1903K, committed 1984K, reserved 1048576K
}

